[INFO] Normal traffic at 2025-11-01 10:39:19 | Nodes: ['Attack', 'Normal', 'Normal']
[INFO] Normal traffic at 2025-11-01 10:39:22 | Nodes: ['Normal', 'Attack', 'Normal']
[INFO] Normal traffic at 2025-11-01 10:39:25 | Nodes: ['Normal', 'Normal', 'Normal']
[ALERT] Attack detected at 2025-11-01 10:39:28 | Nodes: ['Attack', 'Normal', 'Attack']
[ALERT] Attack detected at 2025-11-01 10:39:31 | Nodes: ['Attack', 'Attack', 'Normal']
[INFO] Normal traffic at 2025-11-01 10:46:41 | Nodes: ['Normal', 'Normal', 'Normal']
[INFO] Normal traffic at 2025-11-01 10:46:44 | Nodes: ['Normal', 'Normal', 'Normal']
[ALERT] Attack detected at 2025-11-01 10:46:47 | Nodes: ['Attack', 'Attack', 'Attack']
[INFO] Normal traffic at 2025-11-01 10:46:50 | Nodes: ['Normal', 'Normal', 'Normal']
[INFO] Normal traffic at 2025-11-01 10:46:53 | Nodes: ['Normal', 'Normal', 'Attack']
2025-11-01 11:49:02 - ALERT: Node-1 | Attack | R2L
2025-11-01 11:49:04 - ALERT: Node-1 | Attack | U2R
2025-11-01 11:49:05 - ALERT: Node-1 | Normal | Normal
2025-11-01 11:49:07 - ALERT: Node-1 | Attack | Probe
2025-11-01 11:49:09 - ALERT: Node-1 | Normal | Normal
2025-11-01 11:49:11 - ALERT: Node-1 | Normal | Normal
2025-11-01 11:49:14 - ALERT: Node-1 | Attack | DoS
2025-11-01 11:49:15 - ALERT: Node-1 | Attack | Probe
2025-11-01 11:49:16 - ALERT: Node-1 | Normal | Normal
2025-11-01 11:49:18 - ALERT: Node-1 | Attack | U2R
2025-11-01 11:49:19 - ALERT: Node-1 | Normal | Normal
2025-11-01 11:49:21 - ALERT: Node-1 | Normal | Normal
2025-11-01 11:49:23 - ALERT: Node-1 | Attack | Probe
2025-11-01 11:49:25 - ALERT: Node-1 | Attack | Probe
2025-11-01 11:49:27 - ALERT: Node-1 | Normal | Normal
2025-11-01 11:49:29 - ALERT: Node-1 | Attack | DoS
2025-11-01 11:49:31 - ALERT: Node-1 | Attack | U2R
2025-11-01 11:49:32 - ALERT: Node-1 | Normal | Normal
2025-11-01 11:49:34 - ALERT: Node-1 | Attack | R2L
2025-11-01 11:49:37 - ALERT: Node-1 | Attack | R2L
2025-11-01 11:49:38 - ALERT: Node-1 | Attack | DoS
2025-11-01 11:49:40 - ALERT: Node-1 | Attack | DoS
2025-11-01 11:49:42 - ALERT: Node-1 | Attack | U2R
2025-11-01 11:49:44 - ALERT: Node-1 | Attack | U2R
2025-11-01 11:49:46 - ALERT: Node-1 | Normal | Normal
2025-11-01 11:49:47 - ALERT: Node-1 | Attack | R2L
2025-11-01 11:49:50 - ALERT: Node-1 | Normal | Normal
2025-11-01 11:49:51 - ALERT: Node-1 | Normal | Normal
2025-11-01 11:49:54 - ALERT: Node-1 | Attack | U2R
2025-11-01 11:49:55 - ALERT: Node-1 | Attack | U2R
2025-11-01 11:49:56 - ALERT: Node-1 | Normal | Normal
2025-11-01 11:49:58 - ALERT: Node-1 | Normal | Normal
2025-11-01 11:50:01 - ALERT: Node-1 | Attack | U2R
2025-11-01 11:50:03 - ALERT: Node-1 | Attack | Probe
2025-11-01 11:50:05 - ALERT: Node-1 | Normal | Normal
2025-11-01 11:50:08 - ALERT: Node-1 | Attack | U2R
2025-11-01 11:50:10 - ALERT: Node-1 | Attack | DoS
2025-11-01 11:50:12 - ALERT: Node-1 | Normal | Normal
2025-11-01 11:50:14 - ALERT: Node-1 | Attack | DoS
2025-11-01 11:50:16 - ALERT: Node-1 | Attack | R2L
2025-11-01 11:50:17 - ALERT: Node-1 | Attack | R2L
2025-11-01 11:50:18 - ALERT: Node-1 | Normal | Normal
2025-11-01 11:50:20 - ALERT: Node-1 | Normal | Normal
2025-11-01 11:50:22 - ALERT: Node-1 | Attack | U2R
2025-11-01 11:50:24 - ALERT: Node-1 | Normal | Normal
2025-11-01 11:50:26 - ALERT: Node-1 | Normal | Normal
[2025-11-01 12:03:08] Normal Traffic | Nodes: ['Error', 'Normal', 'Attack']
[2025-11-01 12:03:13] Attack Detected | Nodes: ['Error', 'Attack', 'Attack']
[2025-11-01 12:03:18] Attack Detected | Nodes: ['Error', 'Attack', 'Attack']
[2025-11-01 12:03:23] Attack Detected | Nodes: ['Error', 'Attack', 'Attack']
[2025-11-01 12:03:28] Normal Traffic | Nodes: ['Error', 'Attack', 'Normal']
[2025-11-01 12:03:33] Attack Detected | Nodes: ['Error', 'Attack', 'Attack']
[2025-11-01 12:03:38] Attack Detected | Nodes: ['Error', 'Attack', 'Attack']
[2025-11-01 12:03:43] Normal Traffic | Nodes: ['Error', 'Normal', 'Normal']
[2025-11-01 12:03:48] Attack Detected | Nodes: ['Error', 'Attack', 'Attack']
[2025-11-01 12:03:53] Normal Traffic | Nodes: ['Error', 'Normal', 'Attack']
[2025-11-01 12:03:58] Normal Traffic | Nodes: ['Error', 'Attack', 'Normal']
[2025-11-01 12:04:03] Normal Traffic | Nodes: ['Error', 'Normal', 'Normal']
[2025-11-01 12:04:09] Normal Traffic | Nodes: ['Error', 'Normal', 'Attack']
[2025-11-01 12:04:14] Normal Traffic | Nodes: ['Error', 'Attack', 'Normal']
[2025-11-01 12:04:19] Normal Traffic | Nodes: ['Error', 'Normal', 'Attack']
[2025-11-01 12:04:24] Attack Detected | Nodes: ['Error', 'Attack', 'Attack']
[2025-11-01 12:04:29] Normal Traffic | Nodes: ['Error', 'Normal', 'Attack']
[2025-11-01 12:04:34] Normal Traffic | Nodes: ['Error', 'Normal', 'Attack']
[2025-11-01 12:04:39] Normal Traffic | Nodes: ['Error', 'Normal', 'Attack']
[2025-11-01 12:04:44] Normal Traffic | Nodes: ['Error', 'Normal', 'Attack']
[2025-11-01 12:04:49] Normal Traffic | Nodes: ['Error', 'Attack', 'Normal']
[2025-11-01 12:04:54] Normal Traffic | Nodes: ['Error', 'Normal', 'Normal']
[2025-11-01 12:04:59] Normal Traffic | Nodes: ['Error', 'Attack', 'Normal']
[2025-11-01 12:05:04] Normal Traffic | Nodes: ['Error', 'Normal', 'Attack']
[2025-11-01 12:05:09] Normal Traffic | Nodes: ['Error', 'Normal', 'Normal']
[2025-11-01 12:05:14] Normal Traffic | Nodes: ['Error', 'Attack', 'Normal']
[2025-11-01 12:05:19] Normal Traffic | Nodes: ['Error', 'Attack', 'Normal']
[2025-11-01 12:05:24] Attack Detected | Nodes: ['Error', 'Attack', 'Attack']
[2025-11-01 12:05:29] Attack Detected | Nodes: ['Error', 'Attack', 'Attack']
[2025-11-01 12:05:34] Normal Traffic | Nodes: ['Error', 'Normal', 'Attack']
[2025-11-01 12:05:39] Normal Traffic | Nodes: ['Error', 'Attack', 'Normal']
[2025-11-01 12:05:44] Normal Traffic | Nodes: ['Error', 'Attack', 'Normal']
[2025-11-01 12:05:49] Normal Traffic | Nodes: ['Error', 'Normal', 'Attack']
[2025-11-01 12:05:54] Normal Traffic | Nodes: ['Error', 'Normal', 'Attack']
[2025-11-01 12:05:59] Normal Traffic | Nodes: ['Error', 'Normal', 'Normal']
[2025-11-01 12:06:04] Normal Traffic | Nodes: ['Error', 'Attack', 'Normal']
[2025-11-01 12:06:09] Normal Traffic | Nodes: ['Error', 'Normal', 'Normal']
[2025-11-01 12:06:14] Normal Traffic | Nodes: ['Error', 'Normal', 'Attack']
[2025-11-01 12:06:19] Attack Detected | Nodes: ['Error', 'Attack', 'Attack']
[2025-11-01 12:06:24] Normal Traffic | Nodes: ['Error', 'Attack', 'Normal']
[2025-11-01 12:06:29] Normal Traffic | Nodes: ['Error', 'Normal', 'Normal']
[2025-11-01 12:06:34] Attack Detected | Nodes: ['Error', 'Attack', 'Attack']
[2025-11-01 12:06:39] Normal Traffic | Nodes: ['Error', 'Normal', 'Attack']
[2025-11-01 12:06:44] Attack Detected | Nodes: ['Error', 'Attack', 'Attack']
[2025-11-01 12:06:49] Attack Detected | Nodes: ['Error', 'Attack', 'Attack']
[2025-11-01 12:06:54] Normal Traffic | Nodes: ['Error', 'Attack', 'Normal']
[2025-11-01 12:06:59] Normal Traffic | Nodes: ['Error', 'Normal', 'Normal']
[2025-11-01 12:07:27] Normal Traffic | Nodes: ['Error', 'Attack', 'Normal']
[2025-11-01 12:07:32] Normal Traffic | Nodes: ['Error', 'Normal', 'Attack']
[2025-11-01 12:07:37] Normal Traffic | Nodes: ['Error', 'Normal', 'Attack']
[2025-11-01 12:07:42] Normal Traffic | Nodes: ['Error', 'Normal', 'Attack']
[2025-11-01 12:07:47] Attack Detected | Nodes: ['Error', 'Attack', 'Attack']
[2025-11-01 12:07:52] Normal Traffic | Nodes: ['Error', 'Attack', 'Normal']
[2025-11-01 12:07:57] Normal Traffic | Nodes: ['Error', 'Attack', 'Normal']
[2025-11-01 12:08:02] Normal Traffic | Nodes: ['Error', 'Normal', 'Normal']
[2025-11-01 12:08:07] Normal Traffic | Nodes: ['Error', 'Normal', 'Normal']
[2025-11-01 12:08:12] Normal Traffic | Nodes: ['Error', 'Normal', 'Attack']
[2025-11-01 12:08:17] Attack Detected | Nodes: ['Error', 'Attack', 'Attack']
[2025-11-01 12:08:22] Normal Traffic | Nodes: ['Error', 'Attack', 'Normal']
[2025-11-01 12:08:27] Normal Traffic | Nodes: ['Error', 'Attack', 'Normal']
[2025-11-01 12:15:02] Normal Traffic | Nodes: ['Error', 'Normal', 'Attack']
[2025-11-01 12:15:07] Normal Traffic | Nodes: ['Error', 'Normal', 'Attack']
[2025-11-01 12:15:12] Normal Traffic | Nodes: ['Error', 'Normal', 'Attack']
[2025-11-01 12:15:17] Normal Traffic | Nodes: ['Error', 'Normal', 'Attack']
[2025-11-01 12:15:22] Normal Traffic | Nodes: ['Error', 'Normal', 'Attack']
[2025-11-01 12:15:27] Normal Traffic | Nodes: ['Error', 'Normal', 'Attack']
[2025-11-01 12:15:32] Normal Traffic | Nodes: ['Error', 'Normal', 'Attack']
[2025-11-01 12:15:38] Normal Traffic | Nodes: ['Error', 'Normal', 'Attack']
[2025-11-01 12:15:43] Normal Traffic | Nodes: ['Error', 'Normal', 'Attack']
[2025-11-01 12:15:48] Normal Traffic | Nodes: ['Error', 'Normal', 'Attack']
[2025-11-01 12:15:53] Normal Traffic | Nodes: ['Error', 'Normal', 'Attack']
[2025-11-01 12:15:58] Normal Traffic | Nodes: ['Error', 'Normal', 'Attack']
[2025-11-01 12:16:03] Normal Traffic | Nodes: ['Error', 'Normal', 'Attack']
[2025-11-01 12:16:08] Normal Traffic | Nodes: ['Error', 'Normal', 'Attack']
[2025-11-01 12:16:13] Normal Traffic | Nodes: ['Error', 'Normal', 'Attack']
[2025-11-01 12:16:18] Normal Traffic | Nodes: ['Error', 'Normal', 'Attack']
[2025-11-01 12:16:23] Normal Traffic | Nodes: ['Error', 'Normal', 'Attack']
[2025-11-01 12:16:28] Normal Traffic | Nodes: ['Error', 'Normal', 'Attack']
[2025-11-01 12:17:17] Normal Traffic | Nodes: ['Error', 'Normal', 'Attack']
[2025-11-01 12:17:22] Normal Traffic | Nodes: ['Error', 'Normal', 'Attack']
[2025-11-01 12:17:27] Normal Traffic | Nodes: ['Error', 'Normal', 'Attack']
[2025-11-01 12:17:32] Normal Traffic | Nodes: ['Error', 'Normal', 'Attack']
[2025-11-01 12:17:37] Normal Traffic | Nodes: ['Error', 'Normal', 'Attack']
[2025-11-01 12:17:42] Normal Traffic | Nodes: ['Error', 'Normal', 'Attack']
[2025-11-01 12:17:47] Normal Traffic | Nodes: ['Error', 'Normal', 'Attack']
[2025-11-01 12:20:05] Normal Traffic | Nodes: ['Error', 'Normal', 'Attack']
[2025-11-01 12:20:10] Normal Traffic | Nodes: ['Error', 'Normal', 'Attack']
[2025-11-01 12:20:15] Normal Traffic | Nodes: ['Error', 'Normal', 'Attack']
[2025-11-01 12:20:20] Normal Traffic | Nodes: ['Error', 'Normal', 'Attack']
[2025-11-01 12:20:25] Normal Traffic | Nodes: ['Error', 'Normal', 'Attack']
[2025-11-01 12:20:30] Normal Traffic | Nodes: ['Error', 'Normal', 'Attack']
[2025-11-01 12:20:35] Normal Traffic | Nodes: ['Error', 'Normal', 'Attack']
[2025-11-01 12:20:40] Normal Traffic | Nodes: ['Error', 'Normal', 'Attack']
[2025-11-01 12:20:46] Normal Traffic | Nodes: ['Error', 'Normal', 'Attack']
[2025-11-01 12:20:51] Normal Traffic | Nodes: ['Error', 'Normal', 'Attack']
[2025-11-01 12:20:56] Normal Traffic | Nodes: ['Error', 'Normal', 'Attack']
[2025-11-01 12:21:01] Normal Traffic | Nodes: ['Error', 'Normal', 'Attack']
[2025-11-01 12:21:06] Normal Traffic | Nodes: ['Error', 'Normal', 'Attack']
[2025-11-01 12:21:11] Normal Traffic | Nodes: ['Error', 'Normal', 'Attack']
[2025-11-01 12:21:16] Normal Traffic | Nodes: ['Error', 'Normal', 'Attack']
[2025-11-01 12:21:21] Normal Traffic | Nodes: ['Error', 'Normal', 'Attack']
[2025-11-01 12:21:26] Normal Traffic | Nodes: ['Error', 'Normal', 'Attack']
[2025-11-01 12:21:31] Normal Traffic | Nodes: ['Error', 'Normal', 'Attack']
[2025-11-01 12:21:36] Normal Traffic | Nodes: ['Error', 'Normal', 'Attack']
[2025-11-01 12:21:41] Normal Traffic | Nodes: ['Error', 'Normal', 'Attack']
[2025-11-01 12:21:46] Normal Traffic | Nodes: ['Error', 'Normal', 'Attack']
[2025-11-01 12:21:51] Normal Traffic | Nodes: ['Error', 'Normal', 'Attack']
[2025-11-01 12:21:56] Normal Traffic | Nodes: ['Error', 'Normal', 'Attack']
[2025-11-01 12:22:01] Normal Traffic | Nodes: ['Error', 'Normal', 'Attack']
[2025-11-01 12:22:06] Normal Traffic | Nodes: ['Error', 'Normal', 'Attack']
[2025-11-01 12:22:11] Normal Traffic | Nodes: ['Error', 'Normal', 'Attack']
[2025-11-01 12:22:16] Normal Traffic | Nodes: ['Error', 'Normal', 'Attack']
[2025-11-01 12:22:21] Normal Traffic | Nodes: ['Error', 'Normal', 'Attack']
[2025-11-01 12:22:26] Normal Traffic | Nodes: ['Error', 'Normal', 'Attack']
[2025-11-01 12:22:31] Normal Traffic | Nodes: ['Error', 'Normal', 'Attack']
[2025-11-01 12:22:36] Normal Traffic | Nodes: ['Error', 'Normal', 'Attack']
[2025-11-01 12:22:41] Normal Traffic | Nodes: ['Error', 'Normal', 'Attack']
[2025-11-01 12:22:46] Normal Traffic | Nodes: ['Error', 'Normal', 'Attack']
[2025-11-01 12:22:51] Normal Traffic | Nodes: ['Error', 'Normal', 'Attack']
[2025-11-01 12:22:56] Normal Traffic | Nodes: ['Error', 'Normal', 'Attack']
[2025-11-01 12:23:01] Normal Traffic | Nodes: ['Error', 'Normal', 'Attack']
[2025-11-01 12:23:06] Normal Traffic | Nodes: ['Error', 'Normal', 'Attack']
[2025-11-01 12:23:11] Normal Traffic | Nodes: ['Error', 'Normal', 'Attack']
[2025-11-01 12:23:16] Normal Traffic | Nodes: ['Error', 'Normal', 'Attack']
[2025-11-01 12:23:21] Normal Traffic | Nodes: ['Error', 'Normal', 'Attack']
[2025-11-01 12:23:26] Normal Traffic | Nodes: ['Error', 'Normal', 'Attack']
[2025-11-01 12:23:31] Normal Traffic | Nodes: ['Error', 'Normal', 'Attack']
[2025-11-01 12:23:36] Normal Traffic | Nodes: ['Error', 'Normal', 'Attack']
[2025-11-01 12:23:41] Normal Traffic | Nodes: ['Error', 'Normal', 'Attack']
[2025-11-01 12:23:46] Normal Traffic | Nodes: ['Error', 'Normal', 'Attack']
[2025-11-01 12:23:51] Normal Traffic | Nodes: ['Error', 'Normal', 'Attack']
[2025-11-01 12:23:56] Normal Traffic | Nodes: ['Error', 'Normal', 'Attack']
[2025-11-01 12:24:01] Normal Traffic | Nodes: ['Error', 'Normal', 'Attack']
[2025-11-01 12:24:06] Normal Traffic | Nodes: ['Error', 'Normal', 'Attack']
[2025-11-01 12:24:11] Normal Traffic | Nodes: ['Error', 'Normal', 'Attack']
[2025-11-01 12:24:16] Normal Traffic | Nodes: ['Error', 'Normal', 'Attack']
[2025-11-01 12:24:21] Normal Traffic | Nodes: ['Error', 'Normal', 'Attack']
[2025-11-01 12:24:26] Normal Traffic | Nodes: ['Error', 'Normal', 'Attack']
[2025-11-01 12:24:31] Normal Traffic | Nodes: ['Error', 'Normal', 'Attack']
[2025-11-01 12:24:36] Normal Traffic | Nodes: ['Error', 'Normal', 'Attack']
[2025-11-01 12:24:41] Normal Traffic | Nodes: ['Error', 'Normal', 'Attack']
[2025-11-01 12:24:46] Normal Traffic | Nodes: ['Error', 'Normal', 'Attack']
[2025-11-01 12:24:51] Normal Traffic | Nodes: ['Error', 'Normal', 'Attack']
[2025-11-01 12:24:56] Normal Traffic | Nodes: ['Error', 'Normal', 'Attack']
[2025-11-01 12:25:01] Normal Traffic | Nodes: ['Error', 'Normal', 'Attack']
[2025-11-01 12:25:06] Normal Traffic | Nodes: ['Error', 'Normal', 'Attack']
[2025-11-01 12:25:11] Normal Traffic | Nodes: ['Error', 'Normal', 'Attack']
[2025-11-01 12:25:16] Normal Traffic | Nodes: ['Error', 'Normal', 'Attack']
[2025-11-01 12:25:21] Normal Traffic | Nodes: ['Error', 'Normal', 'Attack']
[2025-11-01 12:25:26] Normal Traffic | Nodes: ['Error', 'Normal', 'Attack']
[2025-11-01 12:25:31] Normal Traffic | Nodes: ['Error', 'Normal', 'Attack']
[2025-11-01 12:25:36] Normal Traffic | Nodes: ['Error', 'Normal', 'Attack']
[2025-11-01 12:25:41] Normal Traffic | Nodes: ['Error', 'Normal', 'Attack']
[2025-11-01 12:25:46] Normal Traffic | Nodes: ['Error', 'Normal', 'Attack']
[2025-11-01 12:25:51] Normal Traffic | Nodes: ['Error', 'Normal', 'Attack']
[2025-11-01 12:25:56] Normal Traffic | Nodes: ['Error', 'Normal', 'Attack']
[2025-11-01 12:26:01] Normal Traffic | Nodes: ['Error', 'Normal', 'Attack']
[2025-11-01 12:26:06] Normal Traffic | Nodes: ['Error', 'Normal', 'Attack']
[2025-11-01 12:26:11] Normal Traffic | Nodes: ['Error', 'Normal', 'Attack']
[2025-11-01 12:26:16] Normal Traffic | Nodes: ['Error', 'Normal', 'Attack']
[2025-11-01 12:26:21] Normal Traffic | Nodes: ['Error', 'Normal', 'Attack']
[2025-11-01 12:26:26] Normal Traffic | Nodes: ['Error', 'Normal', 'Attack']
[2025-11-01 12:26:31] Normal Traffic | Nodes: ['Error', 'Normal', 'Attack']
[2025-11-01 12:26:37] Normal Traffic | Nodes: ['Error', 'Normal', 'Attack']
[2025-11-01 12:26:42] Normal Traffic | Nodes: ['Error', 'Normal', 'Attack']
[2025-11-01 12:26:47] Normal Traffic | Nodes: ['Error', 'Normal', 'Attack']
[2025-11-01 12:26:52] Normal Traffic | Nodes: ['Error', 'Normal', 'Attack']
[2025-11-01 12:26:57] Normal Traffic | Nodes: ['Error', 'Normal', 'Attack']
[2025-11-01 12:27:02] Normal Traffic | Nodes: ['Error', 'Normal', 'Attack']
[2025-11-01 12:27:07] Normal Traffic | Nodes: ['Error', 'Normal', 'Attack']
[2025-11-01 12:27:12] Normal Traffic | Nodes: ['Error', 'Normal', 'Attack']
[2025-11-01 12:27:17] Normal Traffic | Nodes: ['Error', 'Normal', 'Attack']
[2025-11-01 12:34:43] Normal Traffic | Nodes: ['Error', 'Attack', 'Normal']
[2025-11-01 12:34:48] Attack Detected | Nodes: ['Error', 'Attack', 'Attack']
[2025-11-01 12:34:53] Attack Detected | Nodes: ['Error', 'Attack', 'Attack']
[2025-11-01 12:34:58] Attack Detected | Nodes: ['Error', 'Attack', 'Attack']
[2025-11-01 12:35:03] Normal Traffic | Nodes: ['Error', 'Normal', 'Normal']
[2025-11-01 12:35:08] Normal Traffic | Nodes: ['Error', 'Normal', 'Normal']
[2025-11-01 12:35:13] Attack Detected | Nodes: ['Error', 'Attack', 'Attack']
[2025-11-01 12:35:18] Normal Traffic | Nodes: ['Error', 'Attack', 'Normal']
[2025-11-01 12:35:23] Attack Detected | Nodes: ['Error', 'Attack', 'Attack']
[2025-11-01 12:35:28] Normal Traffic | Nodes: ['Error', 'Attack', 'Normal']
[2025-11-01 12:35:33] Normal Traffic | Nodes: ['Error', 'Normal', 'Normal']
[2025-11-01 12:35:38] Normal Traffic | Nodes: ['Error', 'Normal', 'Attack']
[2025-11-01 12:35:43] Normal Traffic | Nodes: ['Error', 'Normal', 'Normal']
[2025-11-01 12:35:48] Normal Traffic | Nodes: ['Error', 'Attack', 'Normal']
[2025-11-01 12:35:53] Normal Traffic | Nodes: ['Error', 'Normal', 'Normal']
[2025-11-01 12:35:58] Normal Traffic | Nodes: ['Error', 'Attack', 'Normal']
[2025-11-01 12:36:03] Attack Detected | Nodes: ['Error', 'Attack', 'Attack']
[2025-11-01 12:36:08] Normal Traffic | Nodes: ['Error', 'Normal', 'Attack']
[2025-11-01 12:36:13] Attack Detected | Nodes: ['Error', 'Attack', 'Attack']
[2025-11-01 12:36:18] Normal Traffic | Nodes: ['Error', 'Normal', 'Attack']
[2025-11-01 12:36:23] Normal Traffic | Nodes: ['Error', 'Normal', 'Attack']
[2025-11-01 12:36:28] Normal Traffic | Nodes: ['Error', 'Attack', 'Normal']
[2025-11-01 12:36:33] Normal Traffic | Nodes: ['Error', 'Normal', 'Attack']
[2025-11-01 12:36:38] Attack Detected | Nodes: ['Error', 'Attack', 'Attack']
[2025-11-01 12:36:43] Normal Traffic | Nodes: ['Error', 'Normal', 'Attack']
[2025-11-01 12:36:49] Normal Traffic | Nodes: ['Error', 'Normal', 'Attack']
[2025-11-01 12:36:54] Normal Traffic | Nodes: ['Error', 'Normal', 'Normal']
[2025-11-01 12:36:59] Attack Detected | Nodes: ['Error', 'Attack', 'Attack']
[2025-11-01 12:37:04] Normal Traffic | Nodes: ['Error', 'Attack', 'Normal']
[2025-11-01 12:37:09] Normal Traffic | Nodes: ['Error', 'Normal', 'Attack']
[2025-11-01 12:37:14] Attack Detected | Nodes: ['Error', 'Attack', 'Attack']
[2025-11-01 12:37:19] Normal Traffic | Nodes: ['Error', 'Attack', 'Normal']
[2025-11-01 12:37:24] Normal Traffic | Nodes: ['Error', 'Normal', 'Attack']
[2025-11-01 12:37:29] Normal Traffic | Nodes: ['Error', 'Attack', 'Normal']
[2025-11-01 12:37:34] Attack Detected | Nodes: ['Error', 'Attack', 'Attack']
[2025-11-01 12:37:39] Attack Detected | Nodes: ['Error', 'Attack', 'Attack']
[2025-11-01 12:37:44] Normal Traffic | Nodes: ['Error', 'Attack', 'Normal']
[2025-11-01 12:37:49] Attack Detected | Nodes: ['Error', 'Attack', 'Attack']
[2025-11-01 12:37:54] Attack Detected | Nodes: ['Error', 'Attack', 'Attack']
[2025-11-01 12:37:59] Attack Detected | Nodes: ['Error', 'Attack', 'Attack']
[2025-11-01 12:38:04] Normal Traffic | Nodes: ['Error', 'Normal', 'Normal']
[2025-11-01 12:38:09] Normal Traffic | Nodes: ['Error', 'Normal', 'Normal']
[2025-11-01 12:38:14] Attack Detected | Nodes: ['Error', 'Attack', 'Attack']
[2025-11-01 12:38:19] Normal Traffic | Nodes: ['Error', 'Normal', 'Attack']
[2025-11-01 12:38:24] Attack Detected | Nodes: ['Error', 'Attack', 'Attack']
[2025-11-01 12:38:29] Normal Traffic | Nodes: ['Error', 'Normal', 'Normal']
[2025-11-01 12:38:34] Attack Detected | Nodes: ['Error', 'Attack', 'Attack']
[2025-11-01 12:38:39] Normal Traffic | Nodes: ['Error', 'Attack', 'Normal']
[2025-11-01 12:38:44] Normal Traffic | Nodes: ['Error', 'Normal', 'Attack']
[2025-11-01 12:38:49] Normal Traffic | Nodes: ['Error', 'Attack', 'Normal']
[2025-11-01 12:38:54] Attack Detected | Nodes: ['Error', 'Attack', 'Attack']
[2025-11-01 12:38:59] Normal Traffic | Nodes: ['Error', 'Attack', 'Normal']
[2025-11-01 12:39:04] Normal Traffic | Nodes: ['Error', 'Normal', 'Attack']
[2025-11-01 12:39:09] Normal Traffic | Nodes: ['Error', 'Normal', 'Normal']
[2025-11-01 12:39:14] Attack Detected | Nodes: ['Error', 'Attack', 'Attack']
[2025-11-01 12:39:19] Attack Detected | Nodes: ['Error', 'Attack', 'Attack']
[2025-11-01 12:39:24] Normal Traffic | Nodes: ['Error', 'Normal', 'Attack']
[2025-11-01 12:39:29] Attack Detected | Nodes: ['Error', 'Attack', 'Attack']
[2025-11-01 12:39:34] Normal Traffic | Nodes: ['Error', 'Normal', 'Normal']
[2025-11-01 12:39:39] Normal Traffic | Nodes: ['Error', 'Normal', 'Attack']
[2025-11-01 12:39:44] Normal Traffic | Nodes: ['Error', 'Normal', 'Normal']
[2025-11-01 12:39:49] Normal Traffic | Nodes: ['Error', 'Normal', 'Normal']
[2025-11-01 12:39:54] Normal Traffic | Nodes: ['Error', 'Attack', 'Normal']
[2025-11-01 12:39:59] Normal Traffic | Nodes: ['Error', 'Normal', 'Attack']
[2025-11-01 12:40:04] Normal Traffic | Nodes: ['Error', 'Normal', 'Attack']
[2025-11-01 12:40:09] Normal Traffic | Nodes: ['Error', 'Attack', 'Normal']
[2025-11-01 12:40:15] Normal Traffic | Nodes: ['Error', 'Normal', 'Normal']
[2025-11-01 12:40:20] Normal Traffic | Nodes: ['Error', 'Normal', 'Normal']
[2025-11-01 12:40:25] Normal Traffic | Nodes: ['Error', 'Normal', 'Attack']
[2025-11-01 12:40:30] Normal Traffic | Nodes: ['Error', 'Normal', 'Attack']
[2025-11-01 12:40:35] Normal Traffic | Nodes: ['Error', 'Normal', 'Normal']
[2025-11-01 12:40:40] Attack Detected | Nodes: ['Error', 'Attack', 'Attack']
[2025-11-01 12:40:45] Normal Traffic | Nodes: ['Error', 'Normal', 'Normal']
[2025-11-01 12:40:50] Attack Detected | Nodes: ['Error', 'Attack', 'Attack']
[2025-11-01 12:40:55] Attack Detected | Nodes: ['Error', 'Attack', 'Attack']
[2025-11-01 12:41:00] Normal Traffic | Nodes: ['Error', 'Attack', 'Normal']
[2025-11-01 12:41:05] Attack Detected | Nodes: ['Error', 'Attack', 'Attack']
[2025-11-01 12:41:10] Normal Traffic | Nodes: ['Error', 'Normal', 'Normal']
[2025-11-01 12:41:15] Attack Detected | Nodes: ['Error', 'Attack', 'Attack']
[2025-11-01 12:41:20] Normal Traffic | Nodes: ['Error', 'Attack', 'Normal']
[2025-11-01 12:41:25] Normal Traffic | Nodes: ['Error', 'Attack', 'Normal']
[2025-11-01 12:41:30] Attack Detected | Nodes: ['Error', 'Attack', 'Attack']
[2025-11-01 12:41:35] Normal Traffic | Nodes: ['Error', 'Normal', 'Normal']
[2025-11-01 12:41:40] Normal Traffic | Nodes: ['Error', 'Attack', 'Normal']
[2025-11-01 12:41:45] Normal Traffic | Nodes: ['Error', 'Attack', 'Normal']
[2025-11-01 12:41:50] Normal Traffic | Nodes: ['Error', 'Normal', 'Attack']
[2025-11-01 12:41:55] Normal Traffic | Nodes: ['Error', 'Normal', 'Attack']
[2025-11-01 12:42:00] Normal Traffic | Nodes: ['Error', 'Normal', 'Attack']
[2025-11-01 12:42:05] Normal Traffic | Nodes: ['Error', 'Normal', 'Attack']
[2025-11-01 12:42:10] Normal Traffic | Nodes: ['Error', 'Normal', 'Normal']
[2025-11-01 12:42:15] Attack Detected | Nodes: ['Error', 'Attack', 'Attack']
[2025-11-01 12:42:20] Attack Detected | Nodes: ['Error', 'Attack', 'Attack']
[2025-11-01 12:42:25] Attack Detected | Nodes: ['Error', 'Attack', 'Attack']
[2025-11-01 12:42:30] Attack Detected | Nodes: ['Error', 'Attack', 'Attack']
[2025-11-01 12:42:35] Normal Traffic | Nodes: ['Error', 'Normal', 'Attack']
[2025-11-01 12:42:40] Normal Traffic | Nodes: ['Error', 'Normal', 'Attack']
[2025-11-01 12:42:45] Normal Traffic | Nodes: ['Error', 'Normal', 'Attack']
[2025-11-01 12:42:50] Normal Traffic | Nodes: ['Error', 'Normal', 'Normal']
[2025-11-01 12:42:55] Normal Traffic | Nodes: ['Error', 'Normal', 'Attack']
[2025-11-01 12:43:00] Normal Traffic | Nodes: ['Error', 'Attack', 'Normal']
[2025-11-01 12:43:05] Normal Traffic | Nodes: ['Error', 'Normal', 'Normal']
[2025-11-01 12:43:10] Normal Traffic | Nodes: ['Error', 'Attack', 'Normal']
[2025-11-01 12:43:15] Attack Detected | Nodes: ['Error', 'Attack', 'Attack']
[2025-11-01 12:43:20] Normal Traffic | Nodes: ['Error', 'Normal', 'Normal']
[2025-11-01 12:43:25] Attack Detected | Nodes: ['Error', 'Attack', 'Attack']
[2025-11-01 12:43:30] Attack Detected | Nodes: ['Error', 'Attack', 'Attack']
[2025-11-01 12:43:35] Normal Traffic | Nodes: ['Error', 'Normal', 'Normal']
[2025-11-01 12:43:40] Attack Detected | Nodes: ['Error', 'Attack', 'Attack']
[2025-11-01 12:43:45] Normal Traffic | Nodes: ['Error', 'Normal', 'Normal']
[2025-11-01 12:43:50] Normal Traffic | Nodes: ['Error', 'Normal', 'Normal']
[2025-11-01 12:43:55] Normal Traffic | Nodes: ['Error', 'Normal', 'Normal']
[2025-11-01 12:44:00] Normal Traffic | Nodes: ['Error', 'Normal', 'Normal']
[2025-11-01 12:44:05] Normal Traffic | Nodes: ['Error', 'Normal', 'Attack']
[2025-11-01 12:44:10] Attack Detected | Nodes: ['Error', 'Attack', 'Attack']
[2025-11-01 12:44:15] Normal Traffic | Nodes: ['Error', 'Normal', 'Attack']
[2025-11-01 12:44:20] Normal Traffic | Nodes: ['Error', 'Normal', 'Attack']
[2025-11-01 12:44:25] Normal Traffic | Nodes: ['Error', 'Normal', 'Attack']
[2025-11-01 12:44:30] Normal Traffic | Nodes: ['Error', 'Normal', 'Normal']
[2025-11-01 12:44:35] Normal Traffic | Nodes: ['Error', 'Normal', 'Normal']
[2025-11-01 12:44:40] Normal Traffic | Nodes: ['Error', 'Normal', 'Normal']
[2025-11-01 12:44:45] Normal Traffic | Nodes: ['Error', 'Normal', 'Normal']
[2025-11-01 12:44:50] Normal Traffic | Nodes: ['Error', 'Normal', 'Normal']
[2025-11-01 12:44:55] Attack Detected | Nodes: ['Error', 'Attack', 'Attack']
[2025-11-01 12:45:00] Normal Traffic | Nodes: ['Error', 'Attack', 'Normal']
[2025-11-01 12:45:05] Normal Traffic | Nodes: ['Error', 'Attack', 'Normal']
[2025-11-01 12:45:10] Attack Detected | Nodes: ['Error', 'Attack', 'Attack']
[2025-11-01 12:45:15] Attack Detected | Nodes: ['Error', 'Attack', 'Attack']
[2025-11-01 12:45:20] Normal Traffic | Nodes: ['Error', 'Normal', 'Attack']
[2025-11-01 12:45:25] Normal Traffic | Nodes: ['Error', 'Attack', 'Normal']
[2025-11-01 12:45:30] Attack Detected | Nodes: ['Error', 'Attack', 'Attack']
[2025-11-01 12:45:35] Normal Traffic | Nodes: ['Error', 'Normal', 'Attack']
[2025-11-01 12:45:40] Normal Traffic | Nodes: ['Error', 'Normal', 'Attack']
[2025-11-01 12:45:45] Attack Detected | Nodes: ['Error', 'Attack', 'Attack']
[2025-11-01 12:45:50] Normal Traffic | Nodes: ['Error', 'Normal', 'Attack']
[2025-11-01 12:45:55] Attack Detected | Nodes: ['Error', 'Attack', 'Attack']
[2025-11-01 12:46:00] Attack Detected | Nodes: ['Error', 'Attack', 'Attack']
[2025-11-01 12:46:05] Attack Detected | Nodes: ['Error', 'Attack', 'Attack']
[2025-11-01 12:46:11] Attack Detected | Nodes: ['Error', 'Attack', 'Attack']
[2025-11-01 12:46:16] Attack Detected | Nodes: ['Error', 'Attack', 'Attack']
[2025-11-01 12:46:21] Normal Traffic | Nodes: ['Error', 'Attack', 'Normal']
[2025-11-01 12:46:26] Attack Detected | Nodes: ['Error', 'Attack', 'Attack']
[2025-11-01 12:46:31] Normal Traffic | Nodes: ['Error', 'Normal', 'Attack']
[2025-11-01 12:46:36] Normal Traffic | Nodes: ['Error', 'Attack', 'Normal']
[2025-11-01 12:46:41] Attack Detected | Nodes: ['Error', 'Attack', 'Attack']
[2025-11-01 12:46:46] Normal Traffic | Nodes: ['Error', 'Attack', 'Normal']
[2025-11-01 12:46:51] Normal Traffic | Nodes: ['Error', 'Attack', 'Normal']
[2025-11-01 12:46:56] Normal Traffic | Nodes: ['Error', 'Normal', 'Attack']
[2025-11-01 12:47:01] Normal Traffic | Nodes: ['Error', 'Normal', 'Attack']
[2025-11-01 12:47:06] Normal Traffic | Nodes: ['Error', 'Attack', 'Normal']
[2025-11-01 12:47:11] Normal Traffic | Nodes: ['Error', 'Normal', 'Attack']
[2025-11-01 12:47:16] Attack Detected | Nodes: ['Error', 'Attack', 'Attack']
[2025-11-01 12:47:21] Normal Traffic | Nodes: ['Error', 'Attack', 'Normal']
[2025-11-01 12:47:26] Normal Traffic | Nodes: ['Error', 'Normal', 'Attack']
[2025-11-01 12:47:31] Normal Traffic | Nodes: ['Error', 'Normal', 'Normal']
[2025-11-01 12:47:36] Normal Traffic | Nodes: ['Error', 'Normal', 'Normal']
[2025-11-01 12:47:41] Attack Detected | Nodes: ['Error', 'Attack', 'Attack']
[2025-11-01 12:47:46] Normal Traffic | Nodes: ['Error', 'Normal', 'Normal']
[2025-11-01 12:47:51] Normal Traffic | Nodes: ['Error', 'Normal', 'Attack']
[2025-11-01 12:47:56] Normal Traffic | Nodes: ['Error', 'Attack', 'Normal']
[2025-11-01 12:48:01] Normal Traffic | Nodes: ['Error', 'Normal', 'Normal']
[2025-11-01 12:48:06] Normal Traffic | Nodes: ['Error', 'Attack', 'Normal']
[2025-11-01 12:48:11] Normal Traffic | Nodes: ['Error', 'Normal', 'Attack']
[2025-11-01 12:48:16] Normal Traffic | Nodes: ['Error', 'Normal', 'Normal']
[2025-11-01 12:48:21] Normal Traffic | Nodes: ['Error', 'Normal', 'Attack']
[2025-11-01 12:48:26] Normal Traffic | Nodes: ['Error', 'Attack', 'Normal']
[2025-11-01 12:48:31] Attack Detected | Nodes: ['Error', 'Attack', 'Attack']
[2025-11-01 12:48:36] Attack Detected | Nodes: ['Error', 'Attack', 'Attack']
[2025-11-01 12:48:41] Attack Detected | Nodes: ['Error', 'Attack', 'Attack']
[2025-11-01 12:48:46] Normal Traffic | Nodes: ['Error', 'Normal', 'Attack']
[2025-11-01 12:48:51] Attack Detected | Nodes: ['Error', 'Attack', 'Attack']
[2025-11-01 12:48:56] Attack Detected | Nodes: ['Error', 'Attack', 'Attack']
[2025-11-01 12:49:01] Normal Traffic | Nodes: ['Error', 'Normal', 'Normal']
[2025-11-01 12:49:06] Normal Traffic | Nodes: ['Error', 'Attack', 'Normal']
[2025-11-01 12:49:11] Attack Detected | Nodes: ['Error', 'Attack', 'Attack']
[2025-11-01 12:49:16] Normal Traffic | Nodes: ['Error', 'Attack', 'Normal']
[2025-11-01 12:49:21] Normal Traffic | Nodes: ['Error', 'Normal', 'Normal']
[2025-11-01 12:49:26] Normal Traffic | Nodes: ['Error', 'Attack', 'Normal']
[2025-11-01 12:49:31] Normal Traffic | Nodes: ['Error', 'Normal', 'Normal']
[2025-11-01 12:49:36] Normal Traffic | Nodes: ['Error', 'Normal', 'Normal']
[2025-11-01 12:49:41] Normal Traffic | Nodes: ['Error', 'Normal', 'Attack']
[2025-11-01 12:49:46] Attack Detected | Nodes: ['Error', 'Attack', 'Attack']
[2025-11-01 12:49:51] Attack Detected | Nodes: ['Error', 'Attack', 'Attack']
[2025-11-01 12:49:56] Attack Detected | Nodes: ['Error', 'Attack', 'Attack']
[2025-11-01 12:50:01] Normal Traffic | Nodes: ['Error', 'Attack', 'Normal']
[2025-11-01 12:50:06] Attack Detected | Nodes: ['Error', 'Attack', 'Attack']
[2025-11-01 12:50:11] Attack Detected | Nodes: ['Error', 'Attack', 'Attack']
[2025-11-01 12:50:16] Normal Traffic | Nodes: ['Error', 'Normal', 'Attack']
[2025-11-01 12:50:21] Normal Traffic | Nodes: ['Error', 'Attack', 'Normal']
[2025-11-01 12:50:26] Normal Traffic | Nodes: ['Error', 'Attack', 'Normal']
[2025-11-01 12:50:31] Normal Traffic | Nodes: ['Error', 'Attack', 'Normal']
[2025-11-01 12:50:36] Normal Traffic | Nodes: ['Error', 'Attack', 'Normal']
[2025-11-01 12:50:42] Attack Detected | Nodes: ['Error', 'Attack', 'Attack']
[2025-11-01 12:50:47] Normal Traffic | Nodes: ['Error', 'Attack', 'Normal']
[2025-11-01 12:50:52] Attack Detected | Nodes: ['Error', 'Attack', 'Attack']
[2025-11-01 12:50:57] Normal Traffic | Nodes: ['Error', 'Normal', 'Attack']
[2025-11-01 12:51:02] Normal Traffic | Nodes: ['Error', 'Attack', 'Normal']
[2025-11-01 12:51:07] Normal Traffic | Nodes: ['Error', 'Normal', 'Attack']
[2025-11-01 12:51:12] Normal Traffic | Nodes: ['Error', 'Normal', 'Attack']
[2025-11-01 12:51:17] Normal Traffic | Nodes: ['Error', 'Attack', 'Normal']
[2025-11-01 12:51:22] Attack Detected | Nodes: ['Error', 'Attack', 'Attack']
[2025-11-01 12:51:27] Normal Traffic | Nodes: ['Error', 'Attack', 'Normal']
[2025-11-01 12:51:32] Normal Traffic | Nodes: ['Error', 'Normal', 'Normal']
[2025-11-01 12:51:37] Attack Detected | Nodes: ['Error', 'Attack', 'Attack']
[2025-11-01 12:51:42] Normal Traffic | Nodes: ['Error', 'Normal', 'Attack']
[2025-11-01 12:51:47] Normal Traffic | Nodes: ['Error', 'Normal', 'Normal']
[2025-11-01 12:51:52] Normal Traffic | Nodes: ['Error', 'Attack', 'Normal']
[2025-11-01 12:51:57] Normal Traffic | Nodes: ['Error', 'Normal', 'Normal']
[2025-11-01 12:52:02] Attack Detected | Nodes: ['Error', 'Attack', 'Attack']
[2025-11-01 12:52:07] Normal Traffic | Nodes: ['Error', 'Attack', 'Normal']
[2025-11-01 12:52:12] Normal Traffic | Nodes: ['Error', 'Normal', 'Attack']
[2025-11-01 12:52:17] Normal Traffic | Nodes: ['Error', 'Attack', 'Normal']
[2025-11-01 12:52:22] Normal Traffic | Nodes: ['Error', 'Normal', 'Attack']
[2025-11-01 12:52:27] Normal Traffic | Nodes: ['Error', 'Normal', 'Attack']
[2025-11-01 12:52:32] Normal Traffic | Nodes: ['Error', 'Attack', 'Normal']
[2025-11-01 12:52:37] Attack Detected | Nodes: ['Error', 'Attack', 'Attack']
[2025-11-01 12:52:42] Normal Traffic | Nodes: ['Error', 'Normal', 'Attack']
[2025-11-01 12:52:47] Attack Detected | Nodes: ['Error', 'Attack', 'Attack']
[2025-11-01 12:52:52] Normal Traffic | Nodes: ['Error', 'Normal', 'Attack']
[2025-11-01 12:52:57] Normal Traffic | Nodes: ['Error', 'Normal', 'Attack']
[2025-11-01 12:53:02] Attack Detected | Nodes: ['Error', 'Attack', 'Attack']
[2025-11-01 12:53:07] Normal Traffic | Nodes: ['Error', 'Normal', 'Normal']
[2025-11-01 12:53:12] Normal Traffic | Nodes: ['Error', 'Normal', 'Attack']
[2025-11-01 12:53:17] Normal Traffic | Nodes: ['Error', 'Normal', 'Attack']
[2025-11-01 12:53:22] Normal Traffic | Nodes: ['Error', 'Normal', 'Normal']
[2025-11-01 12:53:27] Attack Detected | Nodes: ['Error', 'Attack', 'Attack']
[2025-11-01 12:53:32] Normal Traffic | Nodes: ['Error', 'Normal', 'Attack']
[2025-11-01 12:53:38] Normal Traffic | Nodes: ['Error', 'Normal', 'Normal']
[2025-11-01 12:53:43] Normal Traffic | Nodes: ['Error', 'Normal', 'Normal']
[2025-11-01 12:53:48] Normal Traffic | Nodes: ['Error', 'Attack', 'Normal']
[2025-11-01 12:53:53] Normal Traffic | Nodes: ['Error', 'Normal', 'Attack']
[2025-11-01 12:53:58] Attack Detected | Nodes: ['Error', 'Attack', 'Attack']
[2025-11-01 12:54:03] Attack Detected | Nodes: ['Error', 'Attack', 'Attack']
[2025-11-01 12:54:08] Normal Traffic | Nodes: ['Error', 'Attack', 'Normal']
[2025-11-01 12:54:13] Normal Traffic | Nodes: ['Error', 'Attack', 'Normal']
[2025-11-01 12:54:18] Normal Traffic | Nodes: ['Error', 'Normal', 'Normal']
[2025-11-01 12:54:23] Normal Traffic | Nodes: ['Error', 'Normal', 'Normal']
[2025-11-01 12:54:28] Normal Traffic | Nodes: ['Error', 'Normal', 'Attack']
[2025-11-01 12:54:33] Normal Traffic | Nodes: ['Error', 'Normal', 'Normal']
[2025-11-01 12:54:38] Normal Traffic | Nodes: ['Error', 'Normal', 'Attack']
[2025-11-01 12:54:43] Normal Traffic | Nodes: ['Error', 'Normal', 'Normal']
[2025-11-01 12:54:48] Attack Detected | Nodes: ['Error', 'Attack', 'Attack']
[2025-11-01 12:54:53] Attack Detected | Nodes: ['Error', 'Attack', 'Attack']
[2025-11-01 12:54:58] Normal Traffic | Nodes: ['Error', 'Attack', 'Normal']
[2025-11-01 12:55:03] Normal Traffic | Nodes: ['Error', 'Attack', 'Normal']
[2025-11-01 12:55:08] Attack Detected | Nodes: ['Error', 'Attack', 'Attack']
[2025-11-01 12:55:13] Normal Traffic | Nodes: ['Error', 'Normal', 'Attack']
[2025-11-01 12:55:18] Normal Traffic | Nodes: ['Error', 'Normal', 'Attack']
[2025-11-01 12:55:23] Normal Traffic | Nodes: ['Error', 'Normal', 'Normal']
[2025-11-01 12:55:28] Normal Traffic | Nodes: ['Error', 'Normal', 'Attack']
[2025-11-01 12:55:33] Normal Traffic | Nodes: ['Error', 'Normal', 'Attack']
[2025-11-01 12:55:38] Normal Traffic | Nodes: ['Error', 'Normal', 'Normal']
[2025-11-01 12:55:43] Attack Detected | Nodes: ['Error', 'Attack', 'Attack']
[2025-11-01 12:55:48] Normal Traffic | Nodes: ['Error', 'Attack', 'Normal']
[2025-11-01 12:55:53] Normal Traffic | Nodes: ['Error', 'Normal', 'Attack']
[2025-11-01 12:55:58] Normal Traffic | Nodes: ['Error', 'Normal', 'Normal']
[2025-11-01 12:56:03] Normal Traffic | Nodes: ['Error', 'Attack', 'Normal']
[2025-11-01 12:56:08] Normal Traffic | Nodes: ['Error', 'Attack', 'Normal']
[2025-11-01 12:56:13] Normal Traffic | Nodes: ['Error', 'Attack', 'Normal']
[2025-11-01 12:56:18] Normal Traffic | Nodes: ['Error', 'Attack', 'Normal']
[2025-11-01 12:56:23] Attack Detected | Nodes: ['Error', 'Attack', 'Attack']
[2025-11-01 12:56:28] Attack Detected | Nodes: ['Error', 'Attack', 'Attack']
[2025-11-01 12:56:33] Normal Traffic | Nodes: ['Error', 'Normal', 'Attack']
[2025-11-01 12:56:38] Normal Traffic | Nodes: ['Error', 'Attack', 'Normal']
[2025-11-01 12:56:43] Normal Traffic | Nodes: ['Error', 'Normal', 'Normal']
[2025-11-01 12:56:48] Normal Traffic | Nodes: ['Error', 'Attack', 'Normal']
[2025-11-01 12:56:53] Normal Traffic | Nodes: ['Error', 'Normal', 'Attack']
[2025-11-01 12:56:58] Normal Traffic | Nodes: ['Error', 'Attack', 'Normal']
[2025-11-01 12:57:03] Normal Traffic | Nodes: ['Error', 'Normal', 'Normal']
[2025-11-01 12:57:08] Normal Traffic | Nodes: ['Error', 'Attack', 'Normal']
[2025-11-01 12:57:13] Attack Detected | Nodes: ['Error', 'Attack', 'Attack']
[2025-11-01 12:57:18] Normal Traffic | Nodes: ['Error', 'Normal', 'Attack']
[2025-11-01 12:57:23] Normal Traffic | Nodes: ['Error', 'Attack', 'Normal']
[2025-11-01 12:57:28] Normal Traffic | Nodes: ['Error', 'Attack', 'Normal']
[2025-11-01 12:57:33] Normal Traffic | Nodes: ['Error', 'Attack', 'Normal']
[2025-11-01 12:57:38] Normal Traffic | Nodes: ['Error', 'Normal', 'Normal']
[2025-11-01 12:57:43] Normal Traffic | Nodes: ['Error', 'Attack', 'Normal']
[2025-11-01 12:57:48] Normal Traffic | Nodes: ['Error', 'Attack', 'Normal']
[2025-11-01 12:57:53] Normal Traffic | Nodes: ['Error', 'Normal', 'Attack']
[2025-11-01 12:57:58] Normal Traffic | Nodes: ['Error', 'Normal', 'Normal']
[2025-11-01 12:58:03] Normal Traffic | Nodes: ['Error', 'Normal', 'Attack']
[2025-11-01 12:58:08] Attack Detected | Nodes: ['Error', 'Attack', 'Attack']
[2025-11-01 12:58:13] Normal Traffic | Nodes: ['Error', 'Attack', 'Normal']
[2025-11-01 12:58:18] Attack Detected | Nodes: ['Error', 'Attack', 'Attack']
[2025-11-01 12:58:23] Attack Detected | Nodes: ['Error', 'Attack', 'Attack']
[2025-11-01 12:58:28] Attack Detected | Nodes: ['Error', 'Attack', 'Attack']
[2025-11-01 12:58:34] Normal Traffic | Nodes: ['Error', 'Normal', 'Normal']
[2025-11-01 12:58:39] Normal Traffic | Nodes: ['Error', 'Attack', 'Normal']
[2025-11-01 12:58:44] Normal Traffic | Nodes: ['Error', 'Attack', 'Normal']
[2025-11-01 12:58:49] Attack Detected | Nodes: ['Error', 'Attack', 'Attack']
[2025-11-01 12:58:54] Normal Traffic | Nodes: ['Error', 'Normal', 'Normal']
[2025-11-01 12:58:59] Normal Traffic | Nodes: ['Error', 'Normal', 'Normal']
[2025-11-01 12:59:04] Normal Traffic | Nodes: ['Error', 'Normal', 'Normal']
[2025-11-01 12:59:09] Normal Traffic | Nodes: ['Error', 'Attack', 'Normal']
[2025-11-01 12:59:14] Normal Traffic | Nodes: ['Error', 'Attack', 'Normal']
[2025-11-01 12:59:19] Attack Detected | Nodes: ['Error', 'Attack', 'Attack']
[2025-11-01 12:59:24] Attack Detected | Nodes: ['Error', 'Attack', 'Attack']
[2025-11-01 12:59:29] Attack Detected | Nodes: ['Error', 'Attack', 'Attack']
[2025-11-01 12:59:34] Normal Traffic | Nodes: ['Error', 'Normal', 'Normal']
[2025-11-01 12:59:39] Normal Traffic | Nodes: ['Error', 'Normal', 'Attack']
[2025-11-01 12:59:44] Attack Detected | Nodes: ['Error', 'Attack', 'Attack']
[2025-11-01 12:59:49] Attack Detected | Nodes: ['Error', 'Attack', 'Attack']
[2025-11-01 12:59:54] Normal Traffic | Nodes: ['Error', 'Attack', 'Normal']
[2025-11-01 12:59:59] Attack Detected | Nodes: ['Error', 'Attack', 'Attack']
[2025-11-01 13:00:04] Normal Traffic | Nodes: ['Error', 'Normal', 'Attack']
[2025-11-01 13:00:10] Normal Traffic | Nodes: ['Error', 'Attack', 'Normal']
[2025-11-01 13:00:15] Attack Detected | Nodes: ['Error', 'Attack', 'Attack']
[2025-11-01 13:00:20] Attack Detected | Nodes: ['Error', 'Attack', 'Attack']
[2025-11-01 13:00:25] Attack Detected | Nodes: ['Error', 'Attack', 'Attack']
[2025-11-01 13:00:30] Normal Traffic | Nodes: ['Error', 'Attack', 'Normal']
[2025-11-01 13:00:35] Normal Traffic | Nodes: ['Error', 'Normal', 'Attack']
[2025-11-01 13:00:40] Normal Traffic | Nodes: ['Error', 'Attack', 'Normal']
[2025-11-01 13:00:45] Normal Traffic | Nodes: ['Error', 'Normal', 'Attack']
[2025-11-01 13:00:50] Normal Traffic | Nodes: ['Error', 'Normal', 'Attack']
[2025-11-01 13:00:55] Normal Traffic | Nodes: ['Error', 'Normal', 'Normal']
[2025-11-01 13:01:00] Normal Traffic | Nodes: ['Error', 'Normal', 'Attack']
[2025-11-01 13:01:05] Normal Traffic | Nodes: ['Error', 'Normal', 'Normal']
[2025-11-01 13:01:10] Normal Traffic | Nodes: ['Error', 'Normal', 'Attack']
[2025-11-01 13:01:15] Normal Traffic | Nodes: ['Error', 'Normal', 'Attack']
[2025-11-01 13:01:20] Normal Traffic | Nodes: ['Error', 'Normal', 'Attack']
[2025-11-01 13:01:25] Normal Traffic | Nodes: ['Error', 'Normal', 'Normal']
[2025-11-01 13:01:30] Normal Traffic | Nodes: ['Error', 'Attack', 'Normal']
[2025-11-01 13:01:35] Attack Detected | Nodes: ['Error', 'Attack', 'Attack']
[2025-11-01 13:01:40] Normal Traffic | Nodes: ['Error', 'Attack', 'Normal']
[2025-11-01 13:01:45] Normal Traffic | Nodes: ['Error', 'Attack', 'Normal']
[2025-11-01 13:01:50] Attack Detected | Nodes: ['Error', 'Attack', 'Attack']
[2025-11-01 13:01:55] Normal Traffic | Nodes: ['Error', 'Normal', 'Normal']
[2025-11-01 13:02:00] Attack Detected | Nodes: ['Error', 'Attack', 'Attack']
[2025-11-01 13:02:05] Normal Traffic | Nodes: ['Error', 'Normal', 'Attack']
[2025-11-01 13:02:10] Normal Traffic | Nodes: ['Error', 'Normal', 'Normal']
[2025-11-01 13:02:15] Normal Traffic | Nodes: ['Error', 'Normal', 'Attack']
[2025-11-01 13:02:20] Normal Traffic | Nodes: ['Error', 'Attack', 'Normal']
[2025-11-01 13:02:25] Normal Traffic | Nodes: ['Error', 'Attack', 'Normal']
[2025-11-01 13:02:30] Attack Detected | Nodes: ['Error', 'Attack', 'Attack']
[2025-11-01 13:02:35] Normal Traffic | Nodes: ['Error', 'Normal', 'Normal']
[2025-11-01 13:02:40] Normal Traffic | Nodes: ['Error', 'Normal', 'Attack']
[2025-11-01 13:02:45] Normal Traffic | Nodes: ['Error', 'Attack', 'Normal']
[2025-11-01 13:02:50] Normal Traffic | Nodes: ['Error', 'Attack', 'Normal']
[2025-11-01 13:02:55] Normal Traffic | Nodes: ['Error', 'Normal', 'Attack']
[2025-11-01 13:03:00] Normal Traffic | Nodes: ['Error', 'Normal', 'Attack']
[2025-11-01 13:03:05] Normal Traffic | Nodes: ['Error', 'Attack', 'Normal']
[2025-11-01 13:03:10] Normal Traffic | Nodes: ['Error', 'Normal', 'Normal']
[2025-11-01 13:03:15] Normal Traffic | Nodes: ['Error', 'Normal', 'Attack']
[2025-11-01 13:03:20] Normal Traffic | Nodes: ['Error', 'Normal', 'Normal']
[2025-11-01 13:03:25] Normal Traffic | Nodes: ['Error', 'Normal', 'Normal']
[2025-11-01 13:03:30] Normal Traffic | Nodes: ['Error', 'Attack', 'Normal']
[2025-11-01 13:03:36] Normal Traffic | Nodes: ['Error', 'Attack', 'Normal']
[2025-11-01 13:03:41] Normal Traffic | Nodes: ['Error', 'Normal', 'Attack']
[2025-11-01 13:03:46] Normal Traffic | Nodes: ['Error', 'Normal', 'Attack']
[2025-11-01 13:03:51] Normal Traffic | Nodes: ['Error', 'Normal', 'Normal']
[2025-11-01 13:03:56] Normal Traffic | Nodes: ['Error', 'Attack', 'Normal']
[2025-11-01 13:04:01] Normal Traffic | Nodes: ['Error', 'Normal', 'Normal']
[2025-11-01 13:04:06] Attack Detected | Nodes: ['Error', 'Attack', 'Attack']
[2025-11-01 13:04:11] Attack Detected | Nodes: ['Error', 'Attack', 'Attack']
[2025-11-01 13:04:16] Attack Detected | Nodes: ['Error', 'Attack', 'Attack']
[2025-11-01 13:04:21] Normal Traffic | Nodes: ['Error', 'Normal', 'Attack']
[2025-11-01 13:04:26] Normal Traffic | Nodes: ['Error', 'Attack', 'Normal']
[2025-11-01 13:04:31] Normal Traffic | Nodes: ['Error', 'Attack', 'Normal']
[2025-11-01 13:04:36] Normal Traffic | Nodes: ['Error', 'Normal', 'Normal']
[2025-11-01 13:04:41] Normal Traffic | Nodes: ['Error', 'Attack', 'Normal']
[2025-11-01 13:04:46] Normal Traffic | Nodes: ['Error', 'Normal', 'Normal']
[2025-11-01 13:04:51] Normal Traffic | Nodes: ['Error', 'Normal', 'Attack']
[2025-11-01 13:04:56] Normal Traffic | Nodes: ['Error', 'Normal', 'Normal']
[2025-11-01 13:05:01] Normal Traffic | Nodes: ['Error', 'Normal', 'Normal']
[2025-11-01 13:05:06] Normal Traffic | Nodes: ['Error', 'Normal', 'Attack']
[2025-11-01 13:05:11] Attack Detected | Nodes: ['Error', 'Attack', 'Attack']
[2025-11-01 13:05:16] Normal Traffic | Nodes: ['Error', 'Normal', 'Normal']
[2025-11-01 13:05:21] Attack Detected | Nodes: ['Error', 'Attack', 'Attack']
[2025-11-01 13:05:26] Normal Traffic | Nodes: ['Error', 'Normal', 'Attack']
[2025-11-01 13:05:31] Normal Traffic | Nodes: ['Error', 'Normal', 'Attack']
[2025-11-01 13:05:36] Normal Traffic | Nodes: ['Error', 'Normal', 'Attack']
[2025-11-01 13:05:41] Normal Traffic | Nodes: ['Error', 'Attack', 'Normal']
[2025-11-01 13:05:46] Normal Traffic | Nodes: ['Error', 'Normal', 'Attack']
[2025-11-01 13:05:51] Normal Traffic | Nodes: ['Error', 'Normal', 'Attack']
[2025-11-01 13:05:56] Normal Traffic | Nodes: ['Error', 'Normal', 'Attack']
[2025-11-01 13:06:01] Normal Traffic | Nodes: ['Error', 'Attack', 'Normal']
[2025-11-01 13:06:06] Normal Traffic | Nodes: ['Error', 'Normal', 'Attack']
[2025-11-01 13:06:11] Attack Detected | Nodes: ['Error', 'Attack', 'Attack']
[2025-11-01 13:06:16] Normal Traffic | Nodes: ['Error', 'Attack', 'Normal']
[2025-11-01 13:06:21] Normal Traffic | Nodes: ['Error', 'Normal', 'Normal']
[2025-11-01 13:06:26] Attack Detected | Nodes: ['Error', 'Attack', 'Attack']
[2025-11-01 13:06:31] Normal Traffic | Nodes: ['Error', 'Normal', 'Attack']
[2025-11-01 13:06:36] Attack Detected | Nodes: ['Error', 'Attack', 'Attack']
[2025-11-01 13:06:42] Normal Traffic | Nodes: ['Error', 'Normal', 'Attack']
[2025-11-01 13:06:47] Normal Traffic | Nodes: ['Error', 'Attack', 'Normal']
[2025-11-01 13:06:52] Normal Traffic | Nodes: ['Error', 'Normal', 'Normal']
[2025-11-01 13:06:57] Attack Detected | Nodes: ['Error', 'Attack', 'Attack']
[2025-11-01 13:07:02] Normal Traffic | Nodes: ['Error', 'Attack', 'Normal']
[2025-11-01 13:07:07] Attack Detected | Nodes: ['Error', 'Attack', 'Attack']
[2025-11-01 13:07:12] Attack Detected | Nodes: ['Error', 'Attack', 'Attack']
[2025-11-01 13:07:17] Normal Traffic | Nodes: ['Error', 'Attack', 'Normal']
[2025-11-01 13:07:22] Attack Detected | Nodes: ['Error', 'Attack', 'Attack']
[2025-11-01 13:07:27] Attack Detected | Nodes: ['Error', 'Attack', 'Attack']
[2025-11-01 13:07:32] Normal Traffic | Nodes: ['Error', 'Attack', 'Normal']
[2025-11-01 13:07:37] Normal Traffic | Nodes: ['Error', 'Attack', 'Normal']
[2025-11-01 13:07:42] Normal Traffic | Nodes: ['Error', 'Attack', 'Normal']
[2025-11-01 13:07:47] Normal Traffic | Nodes: ['Error', 'Normal', 'Normal']
[2025-11-01 13:07:52] Normal Traffic | Nodes: ['Error', 'Normal', 'Attack']
[2025-11-01 13:07:57] Normal Traffic | Nodes: ['Error', 'Normal', 'Normal']
[2025-11-01 13:08:02] Attack Detected | Nodes: ['Error', 'Attack', 'Attack']
[2025-11-01 13:08:07] Normal Traffic | Nodes: ['Error', 'Normal', 'Normal']
[2025-11-01 13:08:12] Normal Traffic | Nodes: ['Error', 'Normal', 'Normal']
[2025-11-01 13:08:17] Normal Traffic | Nodes: ['Error', 'Normal', 'Normal']
[2025-11-01 13:08:22] Normal Traffic | Nodes: ['Error', 'Normal', 'Attack']
[2025-11-01 13:08:27] Normal Traffic | Nodes: ['Error', 'Normal', 'Normal']
[2025-11-01 13:08:32] Normal Traffic | Nodes: ['Error', 'Attack', 'Normal']
[2025-11-01 13:08:37] Normal Traffic | Nodes: ['Error', 'Normal', 'Normal']
[2025-11-01 13:08:42] Normal Traffic | Nodes: ['Error', 'Normal', 'Normal']
[2025-11-01 13:08:47] Normal Traffic | Nodes: ['Error', 'Normal', 'Normal']
[2025-11-01 13:08:52] Attack Detected | Nodes: ['Error', 'Attack', 'Attack']
[2025-11-01 13:08:57] Attack Detected | Nodes: ['Error', 'Attack', 'Attack']
[2025-11-01 13:09:02] Attack Detected | Nodes: ['Error', 'Attack', 'Attack']
[2025-11-01 13:09:07] Normal Traffic | Nodes: ['Error', 'Normal', 'Attack']
[2025-11-01 13:09:12] Normal Traffic | Nodes: ['Error', 'Normal', 'Normal']
[2025-11-01 13:09:17] Normal Traffic | Nodes: ['Error', 'Normal', 'Normal']
[2025-11-01 13:09:22] Normal Traffic | Nodes: ['Error', 'Normal', 'Normal']
[2025-11-01 13:09:27] Normal Traffic | Nodes: ['Error', 'Normal', 'Normal']
[2025-11-01 13:09:32] Normal Traffic | Nodes: ['Error', 'Normal', 'Normal']
[2025-11-01 13:09:37] Normal Traffic | Nodes: ['Error', 'Normal', 'Normal']
[2025-11-01 13:09:47] Normal Traffic | Nodes: ['Error', 'Normal', 'Normal']
[2025-11-01 13:09:57] Normal Traffic | Nodes: ['Error', 'Normal', 'Normal']
[2025-11-01 13:10:07] Normal Traffic | Nodes: ['Error', 'Normal', 'Normal']
[2025-11-01 13:10:17] Normal Traffic | Nodes: ['Error', 'Normal', 'Normal']
[2025-11-01 13:10:27] Normal Traffic | Nodes: ['Error', 'Normal', 'Normal']
[2025-11-01 13:10:37] Normal Traffic | Nodes: ['Error', 'Normal', 'Normal']
[2025-11-01 13:10:47] Normal Traffic | Nodes: ['Error', 'Normal', 'Normal']
[2025-11-01 13:10:57] Normal Traffic | Nodes: ['Error', 'Normal', 'Normal']
[2025-11-01 13:11:07] Normal Traffic | Nodes: ['Error', 'Normal', 'Normal']
[2025-11-01 13:11:17] Normal Traffic | Nodes: ['Error', 'Normal', 'Normal']
[2025-11-01 13:11:27] Normal Traffic | Nodes: ['Error', 'Normal', 'Normal']
[2025-11-01 13:11:37] Normal Traffic | Nodes: ['Error', 'Normal', 'Normal']
[2025-11-01 13:11:47] Normal Traffic | Nodes: ['Error', 'Normal', 'Normal']
[2025-11-01 13:12:30] Normal Traffic | Nodes: ['Error', 'Normal', 'Normal']
[2025-11-01 13:12:35] Normal Traffic | Nodes: ['Error', 'Normal', 'Normal']
[2025-11-01 13:12:40] Normal Traffic | Nodes: ['Error', 'Normal', 'Normal']
[2025-11-01 13:12:45] Normal Traffic | Nodes: ['Error', 'Normal', 'Normal']
[2025-11-01 13:12:50] Normal Traffic | Nodes: ['Error', 'Normal', 'Normal']
[2025-11-01 13:12:55] Normal Traffic | Nodes: ['Error', 'Normal', 'Normal']
[2025-11-01 13:13:00] Normal Traffic | Nodes: ['Error', 'Normal', 'Normal']
[2025-11-01 13:13:05] Normal Traffic | Nodes: ['Error', 'Normal', 'Normal']
[2025-11-01 13:13:10] Normal Traffic | Nodes: ['Error', 'Normal', 'Normal']
[2025-11-01 13:13:15] Normal Traffic | Nodes: ['Error', 'Normal', 'Normal']
[2025-11-01 13:13:20] Normal Traffic | Nodes: ['Error', 'Normal', 'Normal']
[2025-11-01 13:13:25] Normal Traffic | Nodes: ['Error', 'Normal', 'Normal']
[2025-11-01 13:13:30] Normal Traffic | Nodes: ['Error', 'Normal', 'Normal']
[2025-11-01 13:13:35] Normal Traffic | Nodes: ['Error', 'Normal', 'Normal']
[2025-11-01 13:13:40] Normal Traffic | Nodes: ['Error', 'Normal', 'Normal']
[2025-11-01 13:13:45] Normal Traffic | Nodes: ['Error', 'Normal', 'Normal']
[2025-11-01 13:13:50] Normal Traffic | Nodes: ['Error', 'Normal', 'Normal']
[2025-11-01 13:13:55] Normal Traffic | Nodes: ['Error', 'Normal', 'Normal']
[2025-11-01 13:14:00] Normal Traffic | Nodes: ['Error', 'Normal', 'Normal']
[2025-11-01 13:14:05] Normal Traffic | Nodes: ['Error', 'Normal', 'Normal']
[2025-11-01 13:14:10] Normal Traffic | Nodes: ['Error', 'Normal', 'Normal']
[2025-11-01 13:14:15] Normal Traffic | Nodes: ['Error', 'Normal', 'Normal']
[2025-11-01 13:14:20] Normal Traffic | Nodes: ['Error', 'Normal', 'Normal']
[2025-11-01 13:14:25] Normal Traffic | Nodes: ['Error', 'Normal', 'Normal']
[2025-11-01 13:14:30] Normal Traffic | Nodes: ['Error', 'Normal', 'Normal']
[2025-11-01 13:14:35] Normal Traffic | Nodes: ['Error', 'Normal', 'Normal']
[2025-11-01 13:14:40] Normal Traffic | Nodes: ['Error', 'Normal', 'Normal']
[2025-11-01 13:14:45] Normal Traffic | Nodes: ['Error', 'Normal', 'Normal']
